Added Component: Designator=C1(Resistor)
Added Component: Designator=C2(Resistor)
Added Component: Designator=ISP1(HDR2X5)
Added Component: Designator=S1(GSPAK)
Added Component: Designator=T1(phoenix terminal R 2)
Added Component: Designator=U1(32A_N)
Added Component: Designator=U3(ADI-N-8)
Added Component: Designator=U4(TO-220)
Added Component: Designator=Y1(My_Crystal)
Added Pin To Net: NetName=GND Pin=C1-2
Added Pin To Net: NetName=GND Pin=C2-2
Added Pin To Net: NetName=GND Pin=ISP1-4
Added Pin To Net: NetName=GND Pin=ISP1-6
Added Pin To Net: NetName=GND Pin=ISP1-8
Added Pin To Net: NetName=GND Pin=ISP1-10
Added Pin To Net: NetName=GND Pin=U1-3
Added Pin To Net: NetName=GND Pin=U1-5
Added Pin To Net: NetName=GND Pin=U1-21
Added Net: Name=GND
Added Pin To Net: NetName=MISO Pin=ISP1-9
Added Pin To Net: NetName=MISO Pin=U1-16
Added Net: Name=MISO
Added Pin To Net: NetName=MOSI Pin=ISP1-1
Added Pin To Net: NetName=MOSI Pin=U1-15
Added Net: Name=MOSI
Added Pin To Net: NetName=NetC1_1 Pin=C1-1
Added Pin To Net: NetName=NetC1_1 Pin=U1-7
Added Pin To Net: NetName=NetC1_1 Pin=Y1-2
Added Net: Name=NetC1_1
Added Pin To Net: NetName=NetC2_1 Pin=C2-1
Added Pin To Net: NetName=NetC2_1 Pin=U1-8
Added Pin To Net: NetName=NetC2_1 Pin=Y1-1
Added Net: Name=NetC2_1
Added Pin To Net: NetName=RST Pin=ISP1-5
Added Pin To Net: NetName=RST Pin=U1-29
Added Net: Name=RST
Added Pin To Net: NetName=SCK Pin=ISP1-7
Added Pin To Net: NetName=SCK Pin=U1-17
Added Net: Name=SCK
Added Pin To Net: NetName=VCC Pin=ISP1-2
Added Pin To Net: NetName=VCC Pin=U1-4
Added Pin To Net: NetName=VCC Pin=U1-6
Added Net: Name=VCC
Added Class: Name=Sheet1
Added Room: Name=Sheet1
