Added Component: Designator=C6(RB7.6-15)
Added Component: Designator=S1(Switch - Push to On)
Added Component: Designator=SEN1(GSPAK)
Added Component: Designator=T1(phoenix terminal R 2)
Added Component: Designator=U1(32A_N)
Added Component: Designator=U3(ADI-N-8)
Added Component: Designator=U4(TO-220)
Added Net: Name=+12V
Added Pin To Net: NetName=CE Pin=U1-13
Added Net: Name=CE
Added Pin To Net: NetName=GAS SENSE Pin=C6-1
Added Pin To Net: NetName=GAS SENSE Pin=C6-2
Added Pin To Net: NetName=GAS SENSE Pin=U3-1
Added Net: Name=GAS SENSE
Added Pin To Net: NetName=GND Pin=S1-2
Added Pin To Net: NetName=GND Pin=S1-2
Added Pin To Net: NetName=GND Pin=U1-3
Added Pin To Net: NetName=GND Pin=U1-5
Added Pin To Net: NetName=GND Pin=U1-21
Added Pin To Net: NetName=GND Pin=U3-4
Added Net: Name=GND
Added Pin To Net: NetName=MISO Pin=U1-16
Added Net: Name=MISO
Added Pin To Net: NetName=MOSI Pin=U1-15
Added Net: Name=MOSI
Added Pin To Net: NetName=NetC1_1 Pin=U1-7
Added Net: Name=NetC1_1
Added Pin To Net: NetName=NetC2_1 Pin=U1-8
Added Net: Name=NetC2_1
Added Pin To Net: NetName=NetJUMP1_2 Pin=U1-20
Added Net: Name=NetJUMP1_2
Added Pin To Net: NetName=NetR3_1 Pin=SEN1-2
Added Pin To Net: NetName=NetR3_1 Pin=U3-2
Added Net: Name=NetR3_1
Added Pin To Net: NetName=NetR6_1 Pin=S1-1
Added Pin To Net: NetName=NetR6_1 Pin=S1-1
Added Net: Name=NetR6_1
Added Pin To Net: NetName=NetT1_1 Pin=T1-1
Added Pin To Net: NetName=NetT1_1 Pin=U4-2
Added Net: Name=NetT1_1
Added Pin To Net: NetName=NetT1_2 Pin=T1-2
Added Pin To Net: NetName=NetT1_2 Pin=U4-1
Added Net: Name=NetT1_2
Added Pin To Net: NetName=RST Pin=U1-29
Added Net: Name=RST
Added Pin To Net: NetName=SCK Pin=U1-17
Added Net: Name=SCK
Added Pin To Net: NetName=SCN Pin=U1-14
Added Net: Name=SCN
Added Pin To Net: NetName=VCC Pin=U1-4
Added Pin To Net: NetName=VCC Pin=U1-6
Added Pin To Net: NetName=VCC Pin=U1-18
Added Pin To Net: NetName=VCC Pin=U3-8
Added Pin To Net: NetName=VCC Pin=U4-3
Added Net: Name=VCC
Added Pin To Net: NetName=VGND Pin=SEN1-1
Added Pin To Net: NetName=VGND Pin=SEN1-1
Added Pin To Net: NetName=VGND Pin=U3-3
Added Net: Name=VGND
Added Member To Class: ClassName=Sheet1 Member=Component C6 Cap Pol1
Added Member To Class: ClassName=Sheet1 Member=Component S1 Switch PB
Added Member To Class: ClassName=Sheet1 Member=Component SEN1 Component_1
Added Member To Class: ClassName=Sheet1 Member=Component T1 Phoenix terminal
Added Member To Class: ClassName=Sheet1 Member=Component U1 ATmega328P-AU
Added Member To Class: ClassName=Sheet1 Member=Component U3 AD708JNZ
Added Member To Class: ClassName=Sheet1 Member=Component U4 LM7805
Added Room: Name=Sheet1
